<?xml version="1.0" encoding="UTF-8"?>
<!-- Generated by org.testng.reporters.JUnitReportReporter -->
<testsuite skipped="0" hostname="Vsavala-LT" name="com.experitest.integrationproject.EriBankTest" tests="1" failures="0" timestamp="2020-05-08T14:51:52 IST" time="67.768" errors="0">
  <testcase name="quickStartiOSNativeDemo" time="67.768" classname="com.experitest.integrationproject.EriBankTest"/>
  <system-out/>
</testsuite> <!-- com.experitest.integrationproject.EriBankTest -->
